<testsuites id="" name="" tests="20" failures="16" skipped="0" errors="0" time="61.792173999999996">
<testsuite name="api-integration.spec.ts" timestamp="2025-09-25T11:18:13.991Z" hostname="chromium" tests="10" failures="10" skipped="0" time="78.635" errors="0">
<testcase name="API Integration Tests › should test backend API endpoints directly" classname="api-integration.spec.ts" time="7.816">
<failure message="api-integration.spec.ts:4:7 should test backend API endpoints directly" type="FAILURE">
<![CDATA[  [chromium] › api-integration.spec.ts:4:7 › API Integration Tests › should test backend API endpoints directly 

    Error: apiRequestContext.get: connect ECONNREFUSED ::1:8000
    Call log:
      - → GET http://localhost:8000/
        - user-agent: Mozilla/5.0 (Windows NT 10.0; Win64; x64) AppleWebKit/537.36 (KHTML, like Gecko) Chrome/140.0.7339.186 Safari/537.36
        - accept: */*
        - accept-encoding: gzip,deflate,br

        at apiRequestContext.get: connect ECONNREFUSED ::1:8000
        at /Users/samrat.sah/Desktop/code/prototypes/untitled folder/test_agents/tests/api-integration.spec.ts:6:40
]]>
</failure>
</testcase>
<testcase name="API Integration Tests › should test health check endpoint" classname="api-integration.spec.ts" time="7.813">
<failure message="api-integration.spec.ts:14:7 should test health check endpoint" type="FAILURE">
<![CDATA[  [chromium] › api-integration.spec.ts:14:7 › API Integration Tests › should test health check endpoint 

    Error: apiRequestContext.get: connect ECONNREFUSED ::1:8000
    Call log:
      - → GET http://localhost:8000/health
        - user-agent: Mozilla/5.0 (Windows NT 10.0; Win64; x64) AppleWebKit/537.36 (KHTML, like Gecko) Chrome/140.0.7339.186 Safari/537.36
        - accept: */*
        - accept-encoding: gzip,deflate,br

        at apiRequestContext.get: connect ECONNREFUSED ::1:8000
        at /Users/samrat.sah/Desktop/code/prototypes/untitled folder/test_agents/tests/api-integration.spec.ts:15:42
]]>
</failure>
</testcase>
<testcase name="API Integration Tests › should test config endpoint" classname="api-integration.spec.ts" time="7.838">
<failure message="api-integration.spec.ts:23:7 should test config endpoint" type="FAILURE">
<![CDATA[  [chromium] › api-integration.spec.ts:23:7 › API Integration Tests › should test config endpoint ──

    Error: apiRequestContext.get: connect ECONNREFUSED ::1:8000
    Call log:
      - → GET http://localhost:8000/config
        - user-agent: Mozilla/5.0 (Windows NT 10.0; Win64; x64) AppleWebKit/537.36 (KHTML, like Gecko) Chrome/140.0.7339.186 Safari/537.36
        - accept: */*
        - accept-encoding: gzip,deflate,br

        at apiRequestContext.get: connect ECONNREFUSED ::1:8000
        at /Users/samrat.sah/Desktop/code/prototypes/untitled folder/test_agents/tests/api-integration.spec.ts:24:42
]]>
</failure>
</testcase>
<testcase name="API Integration Tests › should test research endpoint with valid query" classname="api-integration.spec.ts" time="7.816">
<failure message="api-integration.spec.ts:34:7 should test research endpoint with valid query" type="FAILURE">
<![CDATA[  [chromium] › api-integration.spec.ts:34:7 › API Integration Tests › should test research endpoint with valid query 

    Error: apiRequestContext.post: connect ECONNREFUSED ::1:8000
    Call log:
      - → POST http://localhost:8000/research
        - user-agent: Mozilla/5.0 (Windows NT 10.0; Win64; x64) AppleWebKit/537.36 (KHTML, like Gecko) Chrome/140.0.7339.186 Safari/537.36
        - accept: */*
        - accept-encoding: gzip,deflate,br
        - content-type: application/json
        - content-length: 44

        at apiRequestContext.post: connect ECONNREFUSED ::1:8000
        at /Users/samrat.sah/Desktop/code/prototypes/untitled folder/test_agents/tests/api-integration.spec.ts:35:44
]]>
</failure>
</testcase>
<testcase name="API Integration Tests › should handle empty query in API" classname="api-integration.spec.ts" time="7.894">
<failure message="api-integration.spec.ts:56:7 should handle empty query in API" type="FAILURE">
<![CDATA[  [chromium] › api-integration.spec.ts:56:7 › API Integration Tests › should handle empty query in API 

    Error: apiRequestContext.post: connect ECONNREFUSED ::1:8000
    Call log:
      - → POST http://localhost:8000/research
        - user-agent: Mozilla/5.0 (Windows NT 10.0; Win64; x64) AppleWebKit/537.36 (KHTML, like Gecko) Chrome/140.0.7339.186 Safari/537.36
        - accept: */*
        - accept-encoding: gzip,deflate,br
        - content-type: application/json
        - content-length: 12

        at apiRequestContext.post: connect ECONNREFUSED ::1:8000
        at /Users/samrat.sah/Desktop/code/prototypes/untitled folder/test_agents/tests/api-integration.spec.ts:57:36
]]>
</failure>
</testcase>
<testcase name="API Integration Tests › should handle query that is too long in API" classname="api-integration.spec.ts" time="7.881">
<failure message="api-integration.spec.ts:69:7 should handle query that is too long in API" type="FAILURE">
<![CDATA[  [chromium] › api-integration.spec.ts:69:7 › API Integration Tests › should handle query that is too long in API 

    Error: apiRequestContext.post: connect ECONNREFUSED ::1:8000
    Call log:
      - → POST http://localhost:8000/research
        - user-agent: Mozilla/5.0 (Windows NT 10.0; Win64; x64) AppleWebKit/537.36 (KHTML, like Gecko) Chrome/140.0.7339.186 Safari/537.36
        - accept: */*
        - accept-encoding: gzip,deflate,br
        - content-type: application/json
        - content-length: 513

        at apiRequestContext.post: connect ECONNREFUSED ::1:8000
        at /Users/samrat.sah/Desktop/code/prototypes/untitled folder/test_agents/tests/api-integration.spec.ts:72:36
]]>
</failure>
</testcase>
<testcase name="API Integration Tests › should test CORS headers" classname="api-integration.spec.ts" time="7.828">
<failure message="api-integration.spec.ts:84:7 should test CORS headers" type="FAILURE">
<![CDATA[  [chromium] › api-integration.spec.ts:84:7 › API Integration Tests › should test CORS headers ─────

    Error: apiRequestContext.get: connect ECONNREFUSED ::1:8000
    Call log:
      - → GET http://localhost:8000/health
        - user-agent: Mozilla/5.0 (Windows NT 10.0; Win64; x64) AppleWebKit/537.36 (KHTML, like Gecko) Chrome/140.0.7339.186 Safari/537.36
        - accept: */*
        - accept-encoding: gzip,deflate,br
        - Origin: http://localhost:3000

        at apiRequestContext.get: connect ECONNREFUSED ::1:8000
        at /Users/samrat.sah/Desktop/code/prototypes/untitled folder/test_agents/tests/api-integration.spec.ts:85:36
]]>
</failure>
</testcase>
<testcase name="API Integration Tests › should test research with different LLM providers" classname="api-integration.spec.ts" time="7.918">
<failure message="api-integration.spec.ts:98:7 should test research with different LLM providers" type="FAILURE">
<![CDATA[  [chromium] › api-integration.spec.ts:98:7 › API Integration Tests › should test research with different LLM providers 

    Error: apiRequestContext.post: connect ECONNREFUSED ::1:8000
    Call log:
      - → POST http://localhost:8000/research
        - user-agent: Mozilla/5.0 (Windows NT 10.0; Win64; x64) AppleWebKit/537.36 (KHTML, like Gecko) Chrome/140.0.7339.186 Safari/537.36
        - accept: */*
        - accept-encoding: gzip,deflate,br
        - content-type: application/json
        - content-length: 37

        at apiRequestContext.post: connect ECONNREFUSED ::1:8000
        at /Users/samrat.sah/Desktop/code/prototypes/untitled folder/test_agents/tests/api-integration.spec.ts:100:43
]]>
</failure>
</testcase>
<testcase name="API Integration Tests › should handle concurrent research requests" classname="api-integration.spec.ts" time="7.919">
<failure message="api-integration.spec.ts:125:7 should handle concurrent research requests" type="FAILURE">
<![CDATA[  [chromium] › api-integration.spec.ts:125:7 › API Integration Tests › should handle concurrent research requests 

    Error: apiRequestContext.post: connect ECONNREFUSED ::1:8000
    Call log:
      - → POST http://localhost:8000/research
        - user-agent: Mozilla/5.0 (Windows NT 10.0; Win64; x64) AppleWebKit/537.36 (KHTML, like Gecko) Chrome/140.0.7339.186 Safari/537.36
        - accept: */*
        - accept-encoding: gzip,deflate,br
        - content-type: application/json
        - content-length: 34

        at apiRequestContext.post: connect ECONNREFUSED ::1:8000
        at map (/Users/samrat.sah/Desktop/code/prototypes/untitled folder/test_agents/tests/api-integration.spec.ts:134:15)
        at /Users/samrat.sah/Desktop/code/prototypes/untitled folder/test_agents/tests/api-integration.spec.ts:133:30
]]>
</failure>
</testcase>
<testcase name="API Integration Tests › should validate response structure" classname="api-integration.spec.ts" time="7.912">
<failure message="api-integration.spec.ts:156:7 should validate response structure" type="FAILURE">
<![CDATA[  [chromium] › api-integration.spec.ts:156:7 › API Integration Tests › should validate response structure 

    Error: apiRequestContext.post: connect ECONNREFUSED ::1:8000
    Call log:
      - → POST http://localhost:8000/research
        - user-agent: Mozilla/5.0 (Windows NT 10.0; Win64; x64) AppleWebKit/537.36 (KHTML, like Gecko) Chrome/140.0.7339.186 Safari/537.36
        - accept: */*
        - accept-encoding: gzip,deflate,br
        - content-type: application/json
        - content-length: 54

        at apiRequestContext.post: connect ECONNREFUSED ::1:8000
        at /Users/samrat.sah/Desktop/code/prototypes/untitled folder/test_agents/tests/api-integration.spec.ts:157:36
]]>
</failure>
</testcase>
</testsuite>
<testsuite name="research-agent.spec.ts" timestamp="2025-09-25T11:18:13.991Z" hostname="chromium" tests="10" failures="6" skipped="0" time="92.823" errors="0">
<testcase name="Web Research Agent UI Tests › should display the main page elements" classname="research-agent.spec.ts" time="5.234">
</testcase>
<testcase name="Web Research Agent UI Tests › should handle valid research queries" classname="research-agent.spec.ts" time="14.929">
<failure message="research-agent.spec.ts:67:7 should handle valid research queries" type="FAILURE">
<![CDATA[  [chromium] › research-agent.spec.ts:67:7 › Web Research Agent UI Tests › should handle valid research queries 

    Error: page.waitForSelector: Target page, context or browser has been closed
    Call log:
      - waiting for locator('.research-results') to be visible


      19 |   
      20 |   // Wait for results to appear
    > 21 |   await page.waitForSelector('.research-results', { timeout: 10000 });
         |              ^
      22 | }
      23 |
      24 | // Helper function to check if results are valid
        at waitForResearchComplete (/Users/samrat.sah/Desktop/code/prototypes/untitled folder/test_agents/tests/research-agent.spec.ts:21:14)
        at /Users/samrat.sah/Desktop/code/prototypes/untitled folder/test_agents/tests/research-agent.spec.ts:87:7

    attachment #1: video (video/webm) ──────────────────────────────────────────────────────────────
    ../test-results/research-agent-Web-Researc-a848d-ndle-valid-research-queries-chromium/video.webm
    ────────────────────────────────────────────────────────────────────────────────────────────────
]]>
</failure>
<system-out>
<![CDATA[
[[ATTACHMENT|test-results/research-agent-Web-Researc-a848d-ndle-valid-research-queries-chromium/video.webm]]
]]>
</system-out>
</testcase>
<testcase name="Web Research Agent UI Tests › should handle empty query submission" classname="research-agent.spec.ts" time="3.602">
<failure message="research-agent.spec.ts:103:7 should handle empty query submission" type="FAILURE">
<![CDATA[  [chromium] › research-agent.spec.ts:103:7 › Web Research Agent UI Tests › should handle empty query submission 

    Error: page.goto: net::ERR_ABORTED; maybe frame was detached?
    Call log:
      - navigating to "http://localhost:3000/", waiting until "load"


      47 |   test.beforeEach(async ({ page }) => {
      48 |     // Navigate to the app
    > 49 |     await page.goto('/');
         |                ^
      50 |     
      51 |     // Wait for the page to load
      52 |     await expect(page.locator('.header')).toBeVisible();
        at /Users/samrat.sah/Desktop/code/prototypes/untitled folder/test_agents/tests/research-agent.spec.ts:49:16
]]>
</failure>
</testcase>
<testcase name="Web Research Agent UI Tests › should handle query that is too long" classname="research-agent.spec.ts" time="5.273">
<failure message="research-agent.spec.ts:111:7 should handle query that is too long" type="FAILURE">
<![CDATA[  [chromium] › research-agent.spec.ts:111:7 › Web Research Agent UI Tests › should handle query that is too long 

    Error: page.goto: Target page, context or browser has been closed
    Call log:
      - navigating to "http://localhost:3000/", waiting until "load"


      47 |   test.beforeEach(async ({ page }) => {
      48 |     // Navigate to the app
    > 49 |     await page.goto('/');
         |                ^
      50 |     
      51 |     // Wait for the page to load
      52 |     await expect(page.locator('.header')).toBeVisible();
        at /Users/samrat.sah/Desktop/code/prototypes/untitled folder/test_agents/tests/research-agent.spec.ts:49:16

    attachment #1: video (video/webm) ──────────────────────────────────────────────────────────────
    ../test-results/research-agent-Web-Researc-dee16-ndle-query-that-is-too-long-chromium/video.webm
    ────────────────────────────────────────────────────────────────────────────────────────────────
]]>
</failure>
<system-out>
<![CDATA[
[[ATTACHMENT|test-results/research-agent-Web-Researc-dee16-ndle-query-that-is-too-long-chromium/video.webm]]
]]>
</system-out>
</testcase>
<testcase name="Web Research Agent UI Tests › should display loading state correctly" classname="research-agent.spec.ts" time="5.149">
</testcase>
<testcase name="Web Research Agent UI Tests › should handle API errors gracefully" classname="research-agent.spec.ts" time="0.894">
<failure message="research-agent.spec.ts:151:7 should handle API errors gracefully" type="FAILURE">
<![CDATA[  [chromium] › research-agent.spec.ts:151:7 › Web Research Agent UI Tests › should handle API errors gracefully 

    Error: page.goto: net::ERR_ABORTED at http://localhost:3000/
    Call log:
      - navigating to "http://localhost:3000/", waiting until "load"


      47 |   test.beforeEach(async ({ page }) => {
      48 |     // Navigate to the app
    > 49 |     await page.goto('/');
         |                ^
      50 |     
      51 |     // Wait for the page to load
      52 |     await expect(page.locator('.header')).toBeVisible();
        at /Users/samrat.sah/Desktop/code/prototypes/untitled folder/test_agents/tests/research-agent.spec.ts:49:16

    attachment #1: video (video/webm) ──────────────────────────────────────────────────────────────
    ../test-results/research-agent-Web-Researc-77b39-andle-API-errors-gracefully-chromium/video.webm
    ────────────────────────────────────────────────────────────────────────────────────────────────
]]>
</failure>
<system-out>
<![CDATA[
[[ATTACHMENT|test-results/research-agent-Web-Researc-77b39-andle-API-errors-gracefully-chromium/video.webm]]
]]>
</system-out>
</testcase>
<testcase name="Web Research Agent UI Tests › should be responsive on mobile devices" classname="research-agent.spec.ts" time="22.994">
<failure message="research-agent.spec.ts:176:7 should be responsive on mobile devices" type="FAILURE">
<![CDATA[  [chromium] › research-agent.spec.ts:176:7 › Web Research Agent UI Tests › should be responsive on mobile devices 

    TimeoutError: page.waitForSelector: Timeout 10000ms exceeded.
    Call log:
      - waiting for locator('.research-results') to be visible


      19 |   
      20 |   // Wait for results to appear
    > 21 |   await page.waitForSelector('.research-results', { timeout: 10000 });
         |              ^
      22 | }
      23 |
      24 | // Helper function to check if results are valid
        at waitForResearchComplete (/Users/samrat.sah/Desktop/code/prototypes/untitled folder/test_agents/tests/research-agent.spec.ts:21:14)
        at /Users/samrat.sah/Desktop/code/prototypes/untitled folder/test_agents/tests/research-agent.spec.ts:193:5

    attachment #1: screenshot (image/png) ──────────────────────────────────────────────────────────
    ../test-results/research-agent-Web-Researc-4d207-esponsive-on-mobile-devices-chromium/test-failed-1.png
    ────────────────────────────────────────────────────────────────────────────────────────────────

    attachment #2: video (video/webm) ──────────────────────────────────────────────────────────────
    ../test-results/research-agent-Web-Researc-4d207-esponsive-on-mobile-devices-chromium/video.webm
    ────────────────────────────────────────────────────────────────────────────────────────────────

    Error Context: ../test-results/research-agent-Web-Researc-4d207-esponsive-on-mobile-devices-chromium/error-context.md
]]>
</failure>
<system-out>
<![CDATA[
[[ATTACHMENT|test-results/research-agent-Web-Researc-4d207-esponsive-on-mobile-devices-chromium/test-failed-1.png]]

[[ATTACHMENT|test-results/research-agent-Web-Researc-4d207-esponsive-on-mobile-devices-chromium/video.webm]]

[[ATTACHMENT|test-results/research-agent-Web-Researc-4d207-esponsive-on-mobile-devices-chromium/error-context.md]]
]]>
</system-out>
</testcase>
<testcase name="Web Research Agent UI Tests › should allow multiple research queries in sequence" classname="research-agent.spec.ts" time="22.623">
<failure message="research-agent.spec.ts:200:7 should allow multiple research queries in sequence" type="FAILURE">
<![CDATA[  [chromium] › research-agent.spec.ts:200:7 › Web Research Agent UI Tests › should allow multiple research queries in sequence 

    TimeoutError: page.waitForSelector: Timeout 10000ms exceeded.
    Call log:
      - waiting for locator('.research-results') to be visible


      19 |   
      20 |   // Wait for results to appear
    > 21 |   await page.waitForSelector('.research-results', { timeout: 10000 });
         |              ^
      22 | }
      23 |
      24 | // Helper function to check if results are valid
        at waitForResearchComplete (/Users/samrat.sah/Desktop/code/prototypes/untitled folder/test_agents/tests/research-agent.spec.ts:21:14)
        at /Users/samrat.sah/Desktop/code/prototypes/untitled folder/test_agents/tests/research-agent.spec.ts:211:7

    attachment #1: screenshot (image/png) ──────────────────────────────────────────────────────────
    ../test-results/research-agent-Web-Researc-72515-esearch-queries-in-sequence-chromium/test-failed-1.png
    ────────────────────────────────────────────────────────────────────────────────────────────────

    attachment #2: video (video/webm) ──────────────────────────────────────────────────────────────
    ../test-results/research-agent-Web-Researc-72515-esearch-queries-in-sequence-chromium/video.webm
    ────────────────────────────────────────────────────────────────────────────────────────────────

    Error Context: ../test-results/research-agent-Web-Researc-72515-esearch-queries-in-sequence-chromium/error-context.md
]]>
</failure>
<system-out>
<![CDATA[
[[ATTACHMENT|test-results/research-agent-Web-Researc-72515-esearch-queries-in-sequence-chromium/test-failed-1.png]]

[[ATTACHMENT|test-results/research-agent-Web-Researc-72515-esearch-queries-in-sequence-chromium/video.webm]]

[[ATTACHMENT|test-results/research-agent-Web-Researc-72515-esearch-queries-in-sequence-chromium/error-context.md]]
]]>
</system-out>
</testcase>
<testcase name="Web Research Agent UI Tests › should display proper styling and colors" classname="research-agent.spec.ts" time="4.835">
</testcase>
<testcase name="Web Research Agent UI Tests › should handle network timeout gracefully" classname="research-agent.spec.ts" time="7.29">
</testcase>
</testsuite>
</testsuites>